2025-10-23 11:21:46,918 [Worker-4: Loading available Gradle versions] INFO  o.e.b.c.i.u.g.PublishedGradleVersions - Gradle version information cache is not available. Remote download required.
2025-10-23 11:25:54,042 [Worker-14: Import Getting Started Content] INFO  o.e.m.c.i.l.LifecycleMappingFactory - Using org.maven.ide.eclipse.wtp.WarLifecycleMapping lifecycle mapping for MavenProject: com.klef.dev:AparatmentsSpringboot:0.0.1-SNAPSHOT @ C:\JENKINSPRACTICE2\AparatmentsSpringboot\pom.xml.
2025-10-23 11:25:57,083 [Worker-14: Import Getting Started Content] INFO  o.e.m.j.i.AbstractJavaProjectConfigurator - Adding source folder /AparatmentsSpringboot/src/main/java
2025-10-23 11:25:57,086 [Worker-14: Import Getting Started Content] INFO  o.e.m.j.i.AbstractJavaProjectConfigurator - Adding resource folder /AparatmentsSpringboot/src/main/resources
2025-10-23 11:25:57,098 [Worker-14: Import Getting Started Content] INFO  o.e.m.j.i.AbstractJavaProjectConfigurator - Adding resource folder /AparatmentsSpringboot/src/main/resources
2025-10-23 11:25:57,107 [Worker-14: Import Getting Started Content] INFO  o.e.m.j.i.AbstractJavaProjectConfigurator - Adding source folder /AparatmentsSpringboot/src/test/java
2025-10-23 11:25:57,108 [Worker-14: Import Getting Started Content] INFO  o.e.m.j.i.AbstractJavaProjectConfigurator - Adding resource folder /AparatmentsSpringboot/src/test/resources
2025-10-23 11:26:02,921 [Worker-14: Import Getting Started Content] INFO  o.e.m.c.i.p.ProjectConfigurationManager - Imported and configured 1 project(s) in 11 sec
2025-10-23 11:26:02,929 [Worker-14: Import Getting Started Content] INFO  o.e.m.c.i.p.ProjectConfigurationManager - Update started
2025-10-23 11:26:03,905 [Worker-14: Import Getting Started Content] INFO  o.e.m.c.i.l.LifecycleMappingFactory - Using org.maven.ide.eclipse.wtp.WarLifecycleMapping lifecycle mapping for MavenProject: com.klef.dev:AparatmentsSpringboot:0.0.1-SNAPSHOT @ C:\JENKINSPRACTICE2\AparatmentsSpringboot\pom.xml.
2025-10-23 11:26:05,313 [Worker-14: Import Getting Started Content] INFO  o.e.m.j.i.AbstractJavaProjectConfigurator - Adding source folder /AparatmentsSpringboot/src/main/java
2025-10-23 11:26:05,314 [Worker-14: Import Getting Started Content] INFO  o.e.m.j.i.AbstractJavaProjectConfigurator - Adding resource folder /AparatmentsSpringboot/src/main/resources
2025-10-23 11:26:05,315 [Worker-14: Import Getting Started Content] INFO  o.e.m.j.i.AbstractJavaProjectConfigurator - Adding resource folder /AparatmentsSpringboot/src/main/resources
2025-10-23 11:26:05,318 [Worker-14: Import Getting Started Content] INFO  o.e.m.j.i.AbstractJavaProjectConfigurator - Adding source folder /AparatmentsSpringboot/src/test/java
2025-10-23 11:26:05,319 [Worker-14: Import Getting Started Content] INFO  o.e.m.j.i.AbstractJavaProjectConfigurator - Adding resource folder /AparatmentsSpringboot/src/test/resources
2025-10-23 11:26:07,505 [Worker-14: Import Getting Started Content] INFO  o.e.m.w.i.f.ResourceFilteringBuildParticipant - Cleaning filtered folder for AparatmentsSpringboot
2025-10-23 11:26:07,544 [Worker-14: Import Getting Started Content] INFO  o.e.m.c.i.p.ProjectConfigurationManager - Update completed for 1 poms: local refresh takes 0.00 sec, refresh facades takes 2.00 sec, update config takes 1.00 sec 
2025-10-23 11:26:08,568 [Worker-25: Building] INFO  o.a.m.s.f.DefaultMavenResourcesFiltering - Copying 1 resource from src\main\resources to target\classes
2025-10-23 11:26:08,601 [Worker-25: Building] INFO  o.a.m.s.f.DefaultMavenResourcesFiltering - Copying 0 resource from src\main\resources to target\classes
2025-10-23 11:26:08,609 [Worker-25: Building] INFO  o.a.m.s.f.DefaultMavenResourcesFiltering - skip non existing resourceDirectory C:\JENKINSPRACTICE2\AparatmentsSpringboot\src\test\resources
2025-10-23 11:26:08,610 [Worker-25: Building] INFO  o.e.m.w.i.f.ResourceFilteringBuildParticipant - Changed resources require a complete clean of filtered resources of AparatmentsSpringboot
2025-10-23 11:26:08,612 [Worker-25: Building] INFO  o.e.m.w.i.f.ResourceFilteringBuildParticipant - Executing resource filtering for AparatmentsSpringboot
2025-10-23 11:28:50,180 [Worker-7: Loading available Gradle versions] INFO  o.e.b.c.i.u.g.PublishedGradleVersions - Gradle version information cache is up-to-date. Trying to read.
2025-10-23 11:28:57,804 [Worker-1: Building] INFO  o.a.m.s.f.DefaultMavenResourcesFiltering - Copying 1 resource from src\main\resources to target\classes
2025-10-23 11:28:57,819 [Worker-1: Building] INFO  o.a.m.s.f.DefaultMavenResourcesFiltering - Copying 0 resource from src\main\resources to target\classes
2025-10-23 11:28:57,826 [Worker-1: Building] INFO  o.a.m.s.f.DefaultMavenResourcesFiltering - skip non existing resourceDirectory C:\JENKINSPRACTICE2\AparatmentsSpringboot\src\test\resources
2025-10-23 11:31:56,502 [Worker-20: Launching AparatmentsSpringboot - AparatmentsSpringbootApplication] INFO  o.a.m.s.f.DefaultMavenResourcesFiltering - Copying 1 resource from src\main\resources to target\classes
2025-10-23 11:31:56,541 [Worker-20: Launching AparatmentsSpringboot - AparatmentsSpringbootApplication] INFO  o.a.m.s.f.DefaultMavenResourcesFiltering - Copying 0 resource from src\main\resources to target\classes
2025-10-23 11:31:56,544 [Worker-20: Launching AparatmentsSpringboot - AparatmentsSpringbootApplication] INFO  o.a.m.s.f.DefaultMavenResourcesFiltering - skip non existing resourceDirectory C:\JENKINSPRACTICE2\AparatmentsSpringboot\src\test\resources
2025-10-23 11:32:38,248 [Worker-13: Building] INFO  o.a.m.s.f.DefaultMavenResourcesFiltering - Copying 1 resource from src\main\resources to target\classes
2025-10-23 11:32:38,290 [Worker-13: Building] INFO  o.a.m.s.f.DefaultMavenResourcesFiltering - Copying 0 resource from src\main\resources to target\classes
2025-10-23 11:32:38,294 [Worker-13: Building] INFO  o.a.m.s.f.DefaultMavenResourcesFiltering - skip non existing resourceDirectory C:\JENKINSPRACTICE2\AparatmentsSpringboot\src\test\resources
2025-10-23 11:32:48,847 [Worker-25: Building] INFO  o.a.m.s.f.DefaultMavenResourcesFiltering - Copying 1 resource from src\main\resources to target\classes
2025-10-23 11:32:48,892 [Worker-25: Building] INFO  o.a.m.s.f.DefaultMavenResourcesFiltering - Copying 0 resource from src\main\resources to target\classes
2025-10-23 11:32:48,895 [Worker-25: Building] INFO  o.a.m.s.f.DefaultMavenResourcesFiltering - skip non existing resourceDirectory C:\JENKINSPRACTICE2\AparatmentsSpringboot\src\test\resources
2025-10-23 11:32:54,857 [Worker-14: Building] INFO  o.a.m.s.f.DefaultMavenResourcesFiltering - Copying 1 resource from src\main\resources to target\classes
2025-10-23 11:32:54,862 [Worker-14: Building] INFO  o.a.m.s.f.DefaultMavenResourcesFiltering - Copying 0 resource from src\main\resources to target\classes
2025-10-23 11:32:54,865 [Worker-14: Building] INFO  o.a.m.s.f.DefaultMavenResourcesFiltering - skip non existing resourceDirectory C:\JENKINSPRACTICE2\AparatmentsSpringboot\src\test\resources
2025-10-23 11:34:18,166 [Worker-18: Building] INFO  o.a.m.s.f.DefaultMavenResourcesFiltering - Copying 1 resource from src\main\resources to target\classes
2025-10-23 11:34:18,194 [Worker-18: Building] INFO  o.a.m.s.f.DefaultMavenResourcesFiltering - Copying 0 resource from src\main\resources to target\classes
2025-10-23 11:34:18,197 [Worker-18: Building] INFO  o.a.m.s.f.DefaultMavenResourcesFiltering - skip non existing resourceDirectory C:\JENKINSPRACTICE2\AparatmentsSpringboot\src\test\resources
2025-10-23 11:34:50,986 [Worker-5: Building] INFO  o.a.m.s.f.DefaultMavenResourcesFiltering - Copying 1 resource from src\main\resources to target\classes
2025-10-23 11:34:51,016 [Worker-5: Building] INFO  o.a.m.s.f.DefaultMavenResourcesFiltering - Copying 0 resource from src\main\resources to target\classes
2025-10-23 11:34:51,019 [Worker-5: Building] INFO  o.a.m.s.f.DefaultMavenResourcesFiltering - skip non existing resourceDirectory C:\JENKINSPRACTICE2\AparatmentsSpringboot\src\test\resources
2025-10-23 11:41:08,593 [Worker-18: Building] INFO  o.a.m.s.f.DefaultMavenResourcesFiltering - Copying 1 resource from src\main\resources to target\classes
2025-10-23 11:41:08,609 [Worker-18: Building] INFO  o.a.m.s.f.DefaultMavenResourcesFiltering - Copying 0 resource from src\main\resources to target\classes
2025-10-23 11:41:08,613 [Worker-18: Building] INFO  o.a.m.s.f.DefaultMavenResourcesFiltering - skip non existing resourceDirectory C:\JENKINSPRACTICE2\AparatmentsSpringboot\src\test\resources
2025-10-23 11:41:38,034 [Worker-13: Building] INFO  o.e.m.c.i.l.LifecycleMappingFactory - Using org.maven.ide.eclipse.wtp.WarLifecycleMapping lifecycle mapping for MavenProject: com.klef.dev:AparatmentsSpringboot:0.0.1-SNAPSHOT @ C:\JENKINSPRACTICE2\AparatmentsSpringboot\pom.xml.
2025-10-23 11:41:38,563 [Worker-13: Building] INFO  o.a.m.s.f.DefaultMavenResourcesFiltering - Copying 1 resource from src\main\resources to target\classes
2025-10-23 11:41:38,605 [Worker-13: Building] INFO  o.a.m.s.f.DefaultMavenResourcesFiltering - Copying 0 resource from src\main\resources to target\classes
2025-10-23 11:41:38,609 [Worker-13: Building] INFO  o.a.m.s.f.DefaultMavenResourcesFiltering - skip non existing resourceDirectory C:\JENKINSPRACTICE2\AparatmentsSpringboot\src\test\resources
2025-10-23 11:41:40,695 [Worker-5: Building] INFO  o.a.m.s.f.DefaultMavenResourcesFiltering - Copying 1 resource from src\main\resources to target\classes
2025-10-23 11:41:40,730 [Worker-5: Building] INFO  o.a.m.s.f.DefaultMavenResourcesFiltering - Copying 0 resource from src\main\resources to target\classes
2025-10-23 11:41:40,737 [Worker-5: Building] INFO  o.a.m.s.f.DefaultMavenResourcesFiltering - skip non existing resourceDirectory C:\JENKINSPRACTICE2\AparatmentsSpringboot\src\test\resources
2025-10-23 11:41:45,170 [Worker-5: Building] INFO  o.a.m.s.f.DefaultMavenResourcesFiltering - Copying 1 resource from src\main\resources to target\classes
2025-10-23 11:41:45,189 [Worker-5: Building] INFO  o.a.m.s.f.DefaultMavenResourcesFiltering - Copying 0 resource from src\main\resources to target\classes
2025-10-23 11:41:45,194 [Worker-5: Building] INFO  o.a.m.s.f.DefaultMavenResourcesFiltering - skip non existing resourceDirectory C:\JENKINSPRACTICE2\AparatmentsSpringboot\src\test\resources
2025-10-23 11:41:50,987 [Worker-7: Building] INFO  o.a.m.s.f.DefaultMavenResourcesFiltering - Copying 1 resource from src\main\resources to target\classes
2025-10-23 11:41:50,996 [Worker-7: Building] INFO  o.a.m.s.f.DefaultMavenResourcesFiltering - Copying 0 resource from src\main\resources to target\classes
2025-10-23 11:41:51,000 [Worker-7: Building] INFO  o.a.m.s.f.DefaultMavenResourcesFiltering - skip non existing resourceDirectory C:\JENKINSPRACTICE2\AparatmentsSpringboot\src\test\resources
2025-10-23 11:41:55,338 [Worker-24: Building] INFO  o.a.m.s.f.DefaultMavenResourcesFiltering - Copying 1 resource from src\main\resources to target\classes
2025-10-23 11:41:55,407 [Worker-24: Building] INFO  o.a.m.s.f.DefaultMavenResourcesFiltering - Copying 0 resource from src\main\resources to target\classes
2025-10-23 11:41:55,413 [Worker-24: Building] INFO  o.a.m.s.f.DefaultMavenResourcesFiltering - skip non existing resourceDirectory C:\JENKINSPRACTICE2\AparatmentsSpringboot\src\test\resources
2025-10-23 11:42:18,079 [Worker-18: Building] ERROR o.e.m.c.i.p.r.ProjectRegistryManager - Could not read pom.xml
org.eclipse.core.runtime.CoreException: Could not read pom.xml
	at org.eclipse.m2e.core.internal.IMavenToolbox.readModel(IMavenToolbox.java:245)
	at org.eclipse.m2e.core.internal.project.registry.ProjectRegistryManager.refreshPhase2(ProjectRegistryManager.java:591)
	at org.eclipse.m2e.core.internal.project.registry.ProjectRegistryManager.refresh(ProjectRegistryManager.java:491)
	at org.eclipse.m2e.core.internal.project.registry.ProjectRegistryManager.refresh(ProjectRegistryManager.java:370)
	at org.eclipse.m2e.core.internal.project.registry.ProjectRegistryManager.refresh(ProjectRegistryManager.java:322)
	at org.eclipse.m2e.core.internal.builder.MavenBuilder$BuildMethod.getProjectFacade(MavenBuilder.java:146)
	at org.eclipse.m2e.core.internal.builder.MavenBuilder$BuildMethod.lambda$0(MavenBuilder.java:84)
	at org.eclipse.m2e.core.internal.embedder.MavenExecutionContext.executeBare(MavenExecutionContext.java:458)
	at org.eclipse.m2e.core.internal.embedder.MavenExecutionContext.execute(MavenExecutionContext.java:339)
	at org.eclipse.m2e.core.internal.embedder.MavenExecutionContext.execute(MavenExecutionContext.java:278)
	at org.eclipse.m2e.core.internal.builder.MavenBuilder$BuildMethod.execute(MavenBuilder.java:83)
	at org.eclipse.m2e.core.internal.builder.MavenBuilder.build(MavenBuilder.java:192)
	at org.eclipse.core.internal.events.BuildManager$2.run(BuildManager.java:1077)
	at org.eclipse.core.runtime.SafeRunner.run(SafeRunner.java:47)
	at org.eclipse.core.internal.events.BuildManager.basicBuild(BuildManager.java:296)
	at org.eclipse.core.internal.events.BuildManager.basicBuild(BuildManager.java:352)
	at org.eclipse.core.internal.events.BuildManager$1.run(BuildManager.java:441)
	at org.eclipse.core.runtime.SafeRunner.run(SafeRunner.java:47)
	at org.eclipse.core.internal.events.BuildManager.basicBuild(BuildManager.java:444)
	at org.eclipse.core.internal.events.BuildManager.basicBuildLoop(BuildManager.java:555)
	at org.eclipse.core.internal.events.BuildManager.basicBuildLoop(BuildManager.java:503)
	at org.eclipse.core.internal.events.BuildManager.build(BuildManager.java:585)
	at org.eclipse.core.internal.events.AutoBuildJob.doBuild(AutoBuildJob.java:207)
	at org.eclipse.core.internal.events.AutoBuildJob.run(AutoBuildJob.java:300)
	at org.eclipse.core.internal.jobs.Worker.run(Worker.java:63)
Caused by: org.apache.maven.model.io.ModelParseException: start tag unexpected character < (position: TEXT seen ...</dependencies>\n\n\t<build>\n\t<pack\n\t\t<... @68:4) 
	at org.apache.maven.model.io.DefaultModelReader.read(DefaultModelReader.java:96)
	at org.apache.maven.model.io.DefaultModelReader.read(DefaultModelReader.java:74)
	at org.eclipse.m2e.core.internal.IMavenToolbox.readModel(IMavenToolbox.java:243)
	... 24 common frames omitted
Caused by: org.codehaus.plexus.util.xml.pull.XmlPullParserException: start tag unexpected character < (position: TEXT seen ...</dependencies>\n\n\t<build>\n\t<pack\n\t\t<... @68:4) 
	at org.codehaus.plexus.util.xml.pull.MXParser.parseStartTag(MXParser.java:2286)
	at org.codehaus.plexus.util.xml.pull.MXParser.nextImpl(MXParser.java:1413)
	at org.codehaus.plexus.util.xml.pull.MXParser.next(MXParser.java:1375)
	at org.codehaus.plexus.util.xml.pull.MXParser.nextTag(MXParser.java:1360)
	at org.apache.maven.model.io.xpp3.MavenXpp3Reader.parseBuild(MavenXpp3Reader.java:945)
	at org.apache.maven.model.io.xpp3.MavenXpp3Reader.parseModel(MavenXpp3Reader.java:2364)
	at org.apache.maven.model.io.xpp3.MavenXpp3Reader.read(MavenXpp3Reader.java:623)
	at org.apache.maven.model.io.xpp3.MavenXpp3Reader.read(MavenXpp3Reader.java:654)
	at org.apache.maven.model.io.DefaultModelReader.read(DefaultModelReader.java:93)
	... 26 common frames omitted
2025-10-23 11:42:19,334 [Worker-5: Building] ERROR o.e.m.c.i.p.r.ProjectRegistryManager - Could not read pom.xml
org.eclipse.core.runtime.CoreException: Could not read pom.xml
	at org.eclipse.m2e.core.internal.IMavenToolbox.readModel(IMavenToolbox.java:245)
	at org.eclipse.m2e.core.internal.project.registry.ProjectRegistryManager.refreshPhase2(ProjectRegistryManager.java:591)
	at org.eclipse.m2e.core.internal.project.registry.ProjectRegistryManager.refresh(ProjectRegistryManager.java:491)
	at org.eclipse.m2e.core.internal.project.registry.ProjectRegistryManager.refresh(ProjectRegistryManager.java:370)
	at org.eclipse.m2e.core.internal.project.registry.ProjectRegistryManager.refresh(ProjectRegistryManager.java:322)
	at org.eclipse.m2e.core.internal.builder.MavenBuilder$BuildMethod.getProjectFacade(MavenBuilder.java:146)
	at org.eclipse.m2e.core.internal.builder.MavenBuilder$BuildMethod.lambda$0(MavenBuilder.java:84)
	at org.eclipse.m2e.core.internal.embedder.MavenExecutionContext.executeBare(MavenExecutionContext.java:458)
	at org.eclipse.m2e.core.internal.embedder.MavenExecutionContext.execute(MavenExecutionContext.java:339)
	at org.eclipse.m2e.core.internal.embedder.MavenExecutionContext.execute(MavenExecutionContext.java:278)
	at org.eclipse.m2e.core.internal.builder.MavenBuilder$BuildMethod.execute(MavenBuilder.java:83)
	at org.eclipse.m2e.core.internal.builder.MavenBuilder.build(MavenBuilder.java:192)
	at org.eclipse.core.internal.events.BuildManager$2.run(BuildManager.java:1077)
	at org.eclipse.core.runtime.SafeRunner.run(SafeRunner.java:47)
	at org.eclipse.core.internal.events.BuildManager.basicBuild(BuildManager.java:296)
	at org.eclipse.core.internal.events.BuildManager.basicBuild(BuildManager.java:352)
	at org.eclipse.core.internal.events.BuildManager$1.run(BuildManager.java:441)
	at org.eclipse.core.runtime.SafeRunner.run(SafeRunner.java:47)
	at org.eclipse.core.internal.events.BuildManager.basicBuild(BuildManager.java:444)
	at org.eclipse.core.internal.events.BuildManager.basicBuildLoop(BuildManager.java:555)
	at org.eclipse.core.internal.events.BuildManager.basicBuildLoop(BuildManager.java:503)
	at org.eclipse.core.internal.events.BuildManager.build(BuildManager.java:585)
	at org.eclipse.core.internal.events.AutoBuildJob.doBuild(AutoBuildJob.java:207)
	at org.eclipse.core.internal.events.AutoBuildJob.run(AutoBuildJob.java:300)
	at org.eclipse.core.internal.jobs.Worker.run(Worker.java:63)
Caused by: org.apache.maven.model.io.ModelParseException: start tag unexpected character < (position: TEXT seen ...</dependencies>\n\n\t<build>\n\t<pack\n\t\t<... @68:4) 
	at org.apache.maven.model.io.DefaultModelReader.read(DefaultModelReader.java:96)
	at org.apache.maven.model.io.DefaultModelReader.read(DefaultModelReader.java:74)
	at org.eclipse.m2e.core.internal.IMavenToolbox.readModel(IMavenToolbox.java:243)
	... 24 common frames omitted
Caused by: org.codehaus.plexus.util.xml.pull.XmlPullParserException: start tag unexpected character < (position: TEXT seen ...</dependencies>\n\n\t<build>\n\t<pack\n\t\t<... @68:4) 
	at org.codehaus.plexus.util.xml.pull.MXParser.parseStartTag(MXParser.java:2286)
	at org.codehaus.plexus.util.xml.pull.MXParser.nextImpl(MXParser.java:1413)
	at org.codehaus.plexus.util.xml.pull.MXParser.next(MXParser.java:1375)
	at org.codehaus.plexus.util.xml.pull.MXParser.nextTag(MXParser.java:1360)
	at org.apache.maven.model.io.xpp3.MavenXpp3Reader.parseBuild(MavenXpp3Reader.java:945)
	at org.apache.maven.model.io.xpp3.MavenXpp3Reader.parseModel(MavenXpp3Reader.java:2364)
	at org.apache.maven.model.io.xpp3.MavenXpp3Reader.read(MavenXpp3Reader.java:623)
	at org.apache.maven.model.io.xpp3.MavenXpp3Reader.read(MavenXpp3Reader.java:654)
	at org.apache.maven.model.io.DefaultModelReader.read(DefaultModelReader.java:93)
	... 26 common frames omitted
2025-10-23 11:42:22,248 [Worker-5: Building] INFO  o.e.m.c.i.l.LifecycleMappingFactory - Using org.maven.ide.eclipse.wtp.WarLifecycleMapping lifecycle mapping for MavenProject: com.klef.dev:AparatmentsSpringboot:0.0.1-SNAPSHOT @ C:\JENKINSPRACTICE2\AparatmentsSpringboot\pom.xml.
2025-10-23 11:42:23,236 [Worker-5: Building] INFO  o.a.m.s.f.DefaultMavenResourcesFiltering - Copying 0 resource from src\main\resources to target\classes
2025-10-23 11:42:23,237 [Worker-5: Building] INFO  o.a.m.s.f.DefaultMavenResourcesFiltering - Copying 0 resource from src\main\resources to target\classes
2025-10-23 11:42:23,247 [Worker-5: Building] INFO  o.a.m.s.f.DefaultMavenResourcesFiltering - skip non existing resourceDirectory C:\JENKINSPRACTICE2\AparatmentsSpringboot\src\test\resources
2025-10-23 11:42:23,325 [Worker-5: Building] INFO  o.e.m.w.i.f.ResourceFilteringBuildParticipant - Changed resources require a complete clean of filtered resources of AparatmentsSpringboot
2025-10-23 11:42:23,326 [Worker-5: Building] INFO  o.e.m.w.i.f.ResourceFilteringBuildParticipant - Executing resource filtering for AparatmentsSpringboot
2025-10-23 11:42:25,160 [Worker-4: Building] INFO  o.e.m.c.i.l.LifecycleMappingFactory - Using org.maven.ide.eclipse.wtp.WarLifecycleMapping lifecycle mapping for MavenProject: com.klef.dev:AparatmentsSpringboot:0.0.1-SNAPSHOT @ C:\JENKINSPRACTICE2\AparatmentsSpringboot\pom.xml.
2025-10-23 11:42:26,435 [Worker-4: Building] INFO  o.a.m.s.f.DefaultMavenResourcesFiltering - Copying 1 resource from src\main\resources to target\classes
2025-10-23 11:42:26,459 [Worker-4: Building] INFO  o.a.m.s.f.DefaultMavenResourcesFiltering - Copying 0 resource from src\main\resources to target\classes
2025-10-23 11:42:26,468 [Worker-4: Building] INFO  o.a.m.s.f.DefaultMavenResourcesFiltering - skip non existing resourceDirectory C:\JENKINSPRACTICE2\AparatmentsSpringboot\src\test\resources
2025-10-23 11:42:26,468 [Worker-4: Building] INFO  o.e.m.w.i.f.ResourceFilteringBuildParticipant - Changed resources require a complete clean of filtered resources of AparatmentsSpringboot
2025-10-23 11:42:26,468 [Worker-4: Building] INFO  o.e.m.w.i.f.ResourceFilteringBuildParticipant - Executing resource filtering for AparatmentsSpringboot
2025-10-23 11:42:28,138 [Worker-18: Building] INFO  o.e.m.c.i.l.LifecycleMappingFactory - Using org.maven.ide.eclipse.wtp.WarLifecycleMapping lifecycle mapping for MavenProject: com.klef.dev:AparatmentsSpringboot:0.0.1-SNAPSHOT @ C:\JENKINSPRACTICE2\AparatmentsSpringboot\pom.xml.
2025-10-23 11:42:29,112 [Worker-18: Building] INFO  o.a.m.s.f.DefaultMavenResourcesFiltering - Copying 0 resource from src\main\resources to target\classes
2025-10-23 11:42:29,115 [Worker-18: Building] INFO  o.a.m.s.f.DefaultMavenResourcesFiltering - Copying 0 resource from src\main\resources to target\classes
2025-10-23 11:42:29,121 [Worker-18: Building] INFO  o.a.m.s.f.DefaultMavenResourcesFiltering - skip non existing resourceDirectory C:\JENKINSPRACTICE2\AparatmentsSpringboot\src\test\resources
2025-10-23 11:42:29,121 [Worker-18: Building] INFO  o.e.m.w.i.f.ResourceFilteringBuildParticipant - Changed resources require a complete clean of filtered resources of AparatmentsSpringboot
2025-10-23 11:42:29,121 [Worker-18: Building] INFO  o.e.m.w.i.f.ResourceFilteringBuildParticipant - Executing resource filtering for AparatmentsSpringboot
2025-10-23 11:42:32,217 [Worker-13: Building] ERROR o.e.m.c.i.p.r.ProjectRegistryManager - Could not read pom.xml
org.eclipse.core.runtime.CoreException: Could not read pom.xml
	at org.eclipse.m2e.core.internal.IMavenToolbox.readModel(IMavenToolbox.java:245)
	at org.eclipse.m2e.core.internal.project.registry.ProjectRegistryManager.refreshPhase2(ProjectRegistryManager.java:591)
	at org.eclipse.m2e.core.internal.project.registry.ProjectRegistryManager.refresh(ProjectRegistryManager.java:491)
	at org.eclipse.m2e.core.internal.project.registry.ProjectRegistryManager.refresh(ProjectRegistryManager.java:370)
	at org.eclipse.m2e.core.internal.project.registry.ProjectRegistryManager.refresh(ProjectRegistryManager.java:322)
	at org.eclipse.m2e.core.internal.builder.MavenBuilder$BuildMethod.getProjectFacade(MavenBuilder.java:146)
	at org.eclipse.m2e.core.internal.builder.MavenBuilder$BuildMethod.lambda$0(MavenBuilder.java:84)
	at org.eclipse.m2e.core.internal.embedder.MavenExecutionContext.executeBare(MavenExecutionContext.java:458)
	at org.eclipse.m2e.core.internal.embedder.MavenExecutionContext.execute(MavenExecutionContext.java:339)
	at org.eclipse.m2e.core.internal.embedder.MavenExecutionContext.execute(MavenExecutionContext.java:278)
	at org.eclipse.m2e.core.internal.builder.MavenBuilder$BuildMethod.execute(MavenBuilder.java:83)
	at org.eclipse.m2e.core.internal.builder.MavenBuilder.build(MavenBuilder.java:192)
	at org.eclipse.core.internal.events.BuildManager$2.run(BuildManager.java:1077)
	at org.eclipse.core.runtime.SafeRunner.run(SafeRunner.java:47)
	at org.eclipse.core.internal.events.BuildManager.basicBuild(BuildManager.java:296)
	at org.eclipse.core.internal.events.BuildManager.basicBuild(BuildManager.java:352)
	at org.eclipse.core.internal.events.BuildManager$1.run(BuildManager.java:441)
	at org.eclipse.core.runtime.SafeRunner.run(SafeRunner.java:47)
	at org.eclipse.core.internal.events.BuildManager.basicBuild(BuildManager.java:444)
	at org.eclipse.core.internal.events.BuildManager.basicBuildLoop(BuildManager.java:555)
	at org.eclipse.core.internal.events.BuildManager.basicBuildLoop(BuildManager.java:503)
	at org.eclipse.core.internal.events.BuildManager.build(BuildManager.java:585)
	at org.eclipse.core.internal.events.AutoBuildJob.doBuild(AutoBuildJob.java:207)
	at org.eclipse.core.internal.events.AutoBuildJob.run(AutoBuildJob.java:300)
	at org.eclipse.core.internal.jobs.Worker.run(Worker.java:63)
Caused by: org.apache.maven.model.io.ModelParseException: start tag unexpected character < (position: TEXT seen ...</dependencies>\n\n\t<build>\n\t<packa\n\t\t<... @68:4) 
	at org.apache.maven.model.io.DefaultModelReader.read(DefaultModelReader.java:96)
	at org.apache.maven.model.io.DefaultModelReader.read(DefaultModelReader.java:74)
	at org.eclipse.m2e.core.internal.IMavenToolbox.readModel(IMavenToolbox.java:243)
	... 24 common frames omitted
Caused by: org.codehaus.plexus.util.xml.pull.XmlPullParserException: start tag unexpected character < (position: TEXT seen ...</dependencies>\n\n\t<build>\n\t<packa\n\t\t<... @68:4) 
	at org.codehaus.plexus.util.xml.pull.MXParser.parseStartTag(MXParser.java:2286)
	at org.codehaus.plexus.util.xml.pull.MXParser.nextImpl(MXParser.java:1413)
	at org.codehaus.plexus.util.xml.pull.MXParser.next(MXParser.java:1375)
	at org.codehaus.plexus.util.xml.pull.MXParser.nextTag(MXParser.java:1360)
	at org.apache.maven.model.io.xpp3.MavenXpp3Reader.parseBuild(MavenXpp3Reader.java:945)
	at org.apache.maven.model.io.xpp3.MavenXpp3Reader.parseModel(MavenXpp3Reader.java:2364)
	at org.apache.maven.model.io.xpp3.MavenXpp3Reader.read(MavenXpp3Reader.java:623)
	at org.apache.maven.model.io.xpp3.MavenXpp3Reader.read(MavenXpp3Reader.java:654)
	at org.apache.maven.model.io.DefaultModelReader.read(DefaultModelReader.java:93)
	... 26 common frames omitted
2025-10-23 11:42:33,437 [Worker-18: Building] ERROR o.e.m.c.i.p.r.ProjectRegistryManager - Could not read pom.xml
org.eclipse.core.runtime.CoreException: Could not read pom.xml
	at org.eclipse.m2e.core.internal.IMavenToolbox.readModel(IMavenToolbox.java:245)
	at org.eclipse.m2e.core.internal.project.registry.ProjectRegistryManager.refreshPhase2(ProjectRegistryManager.java:591)
	at org.eclipse.m2e.core.internal.project.registry.ProjectRegistryManager.refresh(ProjectRegistryManager.java:491)
	at org.eclipse.m2e.core.internal.project.registry.ProjectRegistryManager.refresh(ProjectRegistryManager.java:370)
	at org.eclipse.m2e.core.internal.project.registry.ProjectRegistryManager.refresh(ProjectRegistryManager.java:322)
	at org.eclipse.m2e.core.internal.builder.MavenBuilder$BuildMethod.getProjectFacade(MavenBuilder.java:146)
	at org.eclipse.m2e.core.internal.builder.MavenBuilder$BuildMethod.lambda$0(MavenBuilder.java:84)
	at org.eclipse.m2e.core.internal.embedder.MavenExecutionContext.executeBare(MavenExecutionContext.java:458)
	at org.eclipse.m2e.core.internal.embedder.MavenExecutionContext.execute(MavenExecutionContext.java:339)
	at org.eclipse.m2e.core.internal.embedder.MavenExecutionContext.execute(MavenExecutionContext.java:278)
	at org.eclipse.m2e.core.internal.builder.MavenBuilder$BuildMethod.execute(MavenBuilder.java:83)
	at org.eclipse.m2e.core.internal.builder.MavenBuilder.build(MavenBuilder.java:192)
	at org.eclipse.core.internal.events.BuildManager$2.run(BuildManager.java:1077)
	at org.eclipse.core.runtime.SafeRunner.run(SafeRunner.java:47)
	at org.eclipse.core.internal.events.BuildManager.basicBuild(BuildManager.java:296)
	at org.eclipse.core.internal.events.BuildManager.basicBuild(BuildManager.java:352)
	at org.eclipse.core.internal.events.BuildManager$1.run(BuildManager.java:441)
	at org.eclipse.core.runtime.SafeRunner.run(SafeRunner.java:47)
	at org.eclipse.core.internal.events.BuildManager.basicBuild(BuildManager.java:444)
	at org.eclipse.core.internal.events.BuildManager.basicBuildLoop(BuildManager.java:555)
	at org.eclipse.core.internal.events.BuildManager.basicBuildLoop(BuildManager.java:503)
	at org.eclipse.core.internal.events.BuildManager.build(BuildManager.java:585)
	at org.eclipse.core.internal.events.AutoBuildJob.doBuild(AutoBuildJob.java:207)
	at org.eclipse.core.internal.events.AutoBuildJob.run(AutoBuildJob.java:300)
	at org.eclipse.core.internal.jobs.Worker.run(Worker.java:63)
Caused by: org.apache.maven.model.io.ModelParseException: start tag unexpected character < (position: TEXT seen ...</dependencies>\n\n\t<build>\n\t<packa\n\t\t<... @68:4) 
	at org.apache.maven.model.io.DefaultModelReader.read(DefaultModelReader.java:96)
	at org.apache.maven.model.io.DefaultModelReader.read(DefaultModelReader.java:74)
	at org.eclipse.m2e.core.internal.IMavenToolbox.readModel(IMavenToolbox.java:243)
	... 24 common frames omitted
Caused by: org.codehaus.plexus.util.xml.pull.XmlPullParserException: start tag unexpected character < (position: TEXT seen ...</dependencies>\n\n\t<build>\n\t<packa\n\t\t<... @68:4) 
	at org.codehaus.plexus.util.xml.pull.MXParser.parseStartTag(MXParser.java:2286)
	at org.codehaus.plexus.util.xml.pull.MXParser.nextImpl(MXParser.java:1413)
	at org.codehaus.plexus.util.xml.pull.MXParser.next(MXParser.java:1375)
	at org.codehaus.plexus.util.xml.pull.MXParser.nextTag(MXParser.java:1360)
	at org.apache.maven.model.io.xpp3.MavenXpp3Reader.parseBuild(MavenXpp3Reader.java:945)
	at org.apache.maven.model.io.xpp3.MavenXpp3Reader.parseModel(MavenXpp3Reader.java:2364)
	at org.apache.maven.model.io.xpp3.MavenXpp3Reader.read(MavenXpp3Reader.java:623)
	at org.apache.maven.model.io.xpp3.MavenXpp3Reader.read(MavenXpp3Reader.java:654)
	at org.apache.maven.model.io.DefaultModelReader.read(DefaultModelReader.java:93)
	... 26 common frames omitted
2025-10-23 11:42:39,133 [Worker-9: Building] INFO  o.e.m.c.i.l.LifecycleMappingFactory - Using org.maven.ide.eclipse.wtp.WarLifecycleMapping lifecycle mapping for MavenProject: com.klef.dev:AparatmentsSpringboot:0.0.1-SNAPSHOT @ C:\JENKINSPRACTICE2\AparatmentsSpringboot\pom.xml.
2025-10-23 11:42:40,065 [Worker-9: Building] INFO  o.a.m.s.f.DefaultMavenResourcesFiltering - Copying 0 resource from src\main\resources to target\classes
2025-10-23 11:42:40,067 [Worker-9: Building] INFO  o.a.m.s.f.DefaultMavenResourcesFiltering - Copying 0 resource from src\main\resources to target\classes
2025-10-23 11:42:40,072 [Worker-9: Building] INFO  o.a.m.s.f.DefaultMavenResourcesFiltering - skip non existing resourceDirectory C:\JENKINSPRACTICE2\AparatmentsSpringboot\src\test\resources
2025-10-23 11:42:40,073 [Worker-9: Building] INFO  o.e.m.w.i.f.ResourceFilteringBuildParticipant - Changed resources require a complete clean of filtered resources of AparatmentsSpringboot
2025-10-23 11:42:40,073 [Worker-9: Building] INFO  o.e.m.w.i.f.ResourceFilteringBuildParticipant - Executing resource filtering for AparatmentsSpringboot
2025-10-23 11:42:42,303 [Worker-7: Building] INFO  o.e.m.c.i.l.LifecycleMappingFactory - Using org.maven.ide.eclipse.wtp.WarLifecycleMapping lifecycle mapping for MavenProject: com.klef.dev:AparatmentsSpringboot:0.0.1-SNAPSHOT @ C:\JENKINSPRACTICE2\AparatmentsSpringboot\pom.xml.
2025-10-23 11:42:43,239 [Worker-7: Building] INFO  o.a.m.s.f.DefaultMavenResourcesFiltering - Copying 1 resource from src\main\resources to target\classes
2025-10-23 11:42:43,260 [Worker-7: Building] INFO  o.a.m.s.f.DefaultMavenResourcesFiltering - Copying 0 resource from src\main\resources to target\classes
2025-10-23 11:42:43,267 [Worker-7: Building] INFO  o.a.m.s.f.DefaultMavenResourcesFiltering - skip non existing resourceDirectory C:\JENKINSPRACTICE2\AparatmentsSpringboot\src\test\resources
2025-10-23 11:42:43,267 [Worker-7: Building] INFO  o.e.m.w.i.f.ResourceFilteringBuildParticipant - Changed resources require a complete clean of filtered resources of AparatmentsSpringboot
2025-10-23 11:42:43,267 [Worker-7: Building] INFO  o.e.m.w.i.f.ResourceFilteringBuildParticipant - Executing resource filtering for AparatmentsSpringboot
2025-10-23 11:42:49,107 [Worker-19: Building] INFO  o.e.m.c.i.l.LifecycleMappingFactory - Using org.maven.ide.eclipse.wtp.WarLifecycleMapping lifecycle mapping for MavenProject: com.klef.dev:AparatmentsSpringboot:0.0.1-SNAPSHOT @ C:\JENKINSPRACTICE2\AparatmentsSpringboot\pom.xml.
2025-10-23 11:42:49,992 [Worker-19: Building] INFO  o.a.m.s.f.DefaultMavenResourcesFiltering - Copying 0 resource from src\main\resources to target\classes
2025-10-23 11:42:49,994 [Worker-19: Building] INFO  o.a.m.s.f.DefaultMavenResourcesFiltering - Copying 0 resource from src\main\resources to target\classes
2025-10-23 11:42:49,998 [Worker-19: Building] INFO  o.a.m.s.f.DefaultMavenResourcesFiltering - skip non existing resourceDirectory C:\JENKINSPRACTICE2\AparatmentsSpringboot\src\test\resources
2025-10-23 11:42:49,998 [Worker-19: Building] INFO  o.e.m.w.i.f.ResourceFilteringBuildParticipant - Changed resources require a complete clean of filtered resources of AparatmentsSpringboot
2025-10-23 11:42:49,998 [Worker-19: Building] INFO  o.e.m.w.i.f.ResourceFilteringBuildParticipant - Executing resource filtering for AparatmentsSpringboot
2025-10-23 11:43:01,759 [Worker-26: Building] INFO  o.e.m.c.i.l.LifecycleMappingFactory - Using org.maven.ide.eclipse.wtp.WarLifecycleMapping lifecycle mapping for MavenProject: com.klef.dev:AparatmentsSpringboot:0.0.1-SNAPSHOT @ C:\JENKINSPRACTICE2\AparatmentsSpringboot\pom.xml.
2025-10-23 11:43:03,134 [Worker-26: Building] INFO  o.a.m.s.f.DefaultMavenResourcesFiltering - Copying 0 resource from src\main\resources to target\classes
2025-10-23 11:43:03,136 [Worker-26: Building] INFO  o.a.m.s.f.DefaultMavenResourcesFiltering - Copying 0 resource from src\main\resources to target\classes
2025-10-23 11:43:03,142 [Worker-26: Building] INFO  o.a.m.s.f.DefaultMavenResourcesFiltering - skip non existing resourceDirectory C:\JENKINSPRACTICE2\AparatmentsSpringboot\src\test\resources
2025-10-23 11:43:03,143 [Worker-26: Building] INFO  o.e.m.w.i.f.ResourceFilteringBuildParticipant - Changed resources require a complete clean of filtered resources of AparatmentsSpringboot
2025-10-23 11:43:03,143 [Worker-26: Building] INFO  o.e.m.w.i.f.ResourceFilteringBuildParticipant - Executing resource filtering for AparatmentsSpringboot
2025-10-23 11:47:54,842 [Worker-13: Updating Maven Project] INFO  o.e.m.c.i.p.ProjectConfigurationManager - Update started
2025-10-23 11:47:55,302 [Worker-13: Updating Maven Project] INFO  o.e.m.c.i.l.LifecycleMappingFactory - Using org.maven.ide.eclipse.wtp.WarLifecycleMapping lifecycle mapping for MavenProject: com.klef.dev:AparatmentsSpringboot:0.0.1-SNAPSHOT @ C:\JENKINSPRACTICE2\AparatmentsSpringboot\pom.xml.
2025-10-23 11:47:56,867 [Worker-13: Updating Maven Project] INFO  o.e.m.j.i.AbstractJavaProjectConfigurator - Adding source folder /AparatmentsSpringboot/src/main/java
2025-10-23 11:47:56,871 [Worker-13: Updating Maven Project] INFO  o.e.m.j.i.AbstractJavaProjectConfigurator - Adding resource folder /AparatmentsSpringboot/src/main/resources
2025-10-23 11:47:56,872 [Worker-13: Updating Maven Project] INFO  o.e.m.j.i.AbstractJavaProjectConfigurator - Adding resource folder /AparatmentsSpringboot/src/main/resources
2025-10-23 11:47:56,872 [Worker-13: Updating Maven Project] INFO  o.e.m.j.i.AbstractJavaProjectConfigurator - Adding source folder /AparatmentsSpringboot/src/test/java
2025-10-23 11:47:56,873 [Worker-13: Updating Maven Project] INFO  o.e.m.j.i.AbstractJavaProjectConfigurator - Adding resource folder /AparatmentsSpringboot/src/test/resources
2025-10-23 11:47:58,454 [Worker-13: Updating Maven Project] INFO  o.e.m.w.i.f.ResourceFilteringBuildParticipant - Cleaning filtered folder for AparatmentsSpringboot
2025-10-23 11:47:58,482 [Worker-13: Updating Maven Project] INFO  o.e.m.c.i.p.ProjectConfigurationManager - Update completed for 1 poms: local refresh takes 0.00 sec, refresh facades takes 1.00 sec, update config takes 1.00 sec 
2025-10-23 11:47:58,899 [Worker-11: Building] INFO  o.a.m.s.f.DefaultMavenResourcesFiltering - Copying 1 resource from src\main\resources to target\classes
2025-10-23 11:47:58,920 [Worker-11: Building] INFO  o.a.m.s.f.DefaultMavenResourcesFiltering - Copying 0 resource from src\main\resources to target\classes
2025-10-23 11:47:58,925 [Worker-11: Building] INFO  o.a.m.s.f.DefaultMavenResourcesFiltering - skip non existing resourceDirectory C:\JENKINSPRACTICE2\AparatmentsSpringboot\src\test\resources
2025-10-23 11:47:58,926 [Worker-11: Building] INFO  o.e.m.w.i.f.ResourceFilteringBuildParticipant - Changed resources require a complete clean of filtered resources of AparatmentsSpringboot
2025-10-23 11:47:58,926 [Worker-11: Building] INFO  o.e.m.w.i.f.ResourceFilteringBuildParticipant - Executing resource filtering for AparatmentsSpringboot
2025-10-23 11:48:19,898 [Worker-20: Launching Executing clean in C__JENKINSPRACTICE2_AparatmentsSpringboot] INFO  o.eclipse.m2e.core.internal.Bundles - getClasspathEntries(Bundle=org.eclipse.m2e.maven.runtime_3.9.900.20240824-1409 [638])
2025-10-23 11:48:19,902 [Worker-20: Launching Executing clean in C__JENKINSPRACTICE2_AparatmentsSpringboot] INFO  o.eclipse.m2e.core.internal.Bundles - 	Entry: C:\Users\gowth\.p2\pool\plugins\org.eclipse.m2e.maven.runtime_3.9.900.20240824-1409
2025-10-23 11:48:19,903 [Worker-20: Launching Executing clean in C__JENKINSPRACTICE2_AparatmentsSpringboot] INFO  o.eclipse.m2e.core.internal.Bundles - 	Entry: C:\Users\gowth\.p2\pool\plugins\org.eclipse.m2e.maven.runtime_3.9.900.20240824-1409\jars\aopalliance-1.0.jar
2025-10-23 11:48:19,903 [Worker-20: Launching Executing clean in C__JENKINSPRACTICE2_AparatmentsSpringboot] INFO  o.eclipse.m2e.core.internal.Bundles - 	Entry: C:\Users\gowth\.p2\pool\plugins\org.eclipse.m2e.maven.runtime_3.9.900.20240824-1409\jars\guice-5.1.0.jar
2025-10-23 11:48:19,903 [Worker-20: Launching Executing clean in C__JENKINSPRACTICE2_AparatmentsSpringboot] INFO  o.eclipse.m2e.core.internal.Bundles - 	Entry: C:\Users\gowth\.p2\pool\plugins\org.eclipse.m2e.maven.runtime_3.9.900.20240824-1409\jars\httpclient-4.5.14.jar
2025-10-23 11:48:19,903 [Worker-20: Launching Executing clean in C__JENKINSPRACTICE2_AparatmentsSpringboot] INFO  o.eclipse.m2e.core.internal.Bundles - 	Entry: C:\Users\gowth\.p2\pool\plugins\org.eclipse.m2e.maven.runtime_3.9.900.20240824-1409\jars\httpcore-4.4.16.jar
2025-10-23 11:48:19,904 [Worker-20: Launching Executing clean in C__JENKINSPRACTICE2_AparatmentsSpringboot] INFO  o.eclipse.m2e.core.internal.Bundles - 	Entry: C:\Users\gowth\.p2\pool\plugins\org.eclipse.m2e.maven.runtime_3.9.900.20240824-1409\jars\jansi-2.4.1.jar
2025-10-23 11:48:19,904 [Worker-20: Launching Executing clean in C__JENKINSPRACTICE2_AparatmentsSpringboot] INFO  o.eclipse.m2e.core.internal.Bundles - 	Entry: C:\Users\gowth\.p2\pool\plugins\org.eclipse.m2e.maven.runtime_3.9.900.20240824-1409\jars\jcl-over-slf4j-1.7.36.jar
2025-10-23 11:48:19,904 [Worker-20: Launching Executing clean in C__JENKINSPRACTICE2_AparatmentsSpringboot] INFO  o.eclipse.m2e.core.internal.Bundles - 	Entry: C:\Users\gowth\.p2\pool\plugins\org.eclipse.m2e.maven.runtime_3.9.900.20240824-1409\jars\maven-artifact-3.9.9.jar
2025-10-23 11:48:19,904 [Worker-20: Launching Executing clean in C__JENKINSPRACTICE2_AparatmentsSpringboot] INFO  o.eclipse.m2e.core.internal.Bundles - 	Entry: C:\Users\gowth\.p2\pool\plugins\org.eclipse.m2e.maven.runtime_3.9.900.20240824-1409\jars\maven-builder-support-3.9.9.jar
2025-10-23 11:48:19,904 [Worker-20: Launching Executing clean in C__JENKINSPRACTICE2_AparatmentsSpringboot] INFO  o.eclipse.m2e.core.internal.Bundles - 	Entry: C:\Users\gowth\.p2\pool\plugins\org.eclipse.m2e.maven.runtime_3.9.900.20240824-1409\jars\maven-compat-3.9.9.jar
2025-10-23 11:48:19,904 [Worker-20: Launching Executing clean in C__JENKINSPRACTICE2_AparatmentsSpringboot] INFO  o.eclipse.m2e.core.internal.Bundles - 	Entry: C:\Users\gowth\.p2\pool\plugins\org.eclipse.m2e.maven.runtime_3.9.900.20240824-1409\jars\maven-core-3.9.9.jar
2025-10-23 11:48:19,904 [Worker-20: Launching Executing clean in C__JENKINSPRACTICE2_AparatmentsSpringboot] INFO  o.eclipse.m2e.core.internal.Bundles - 	Entry: C:\Users\gowth\.p2\pool\plugins\org.eclipse.m2e.maven.runtime_3.9.900.20240824-1409\jars\maven-embedder-3.9.9.jar
2025-10-23 11:48:19,905 [Worker-20: Launching Executing clean in C__JENKINSPRACTICE2_AparatmentsSpringboot] INFO  o.eclipse.m2e.core.internal.Bundles - 	Entry: C:\Users\gowth\.p2\pool\plugins\org.eclipse.m2e.maven.runtime_3.9.900.20240824-1409\jars\maven-model-3.9.9.jar
2025-10-23 11:48:19,905 [Worker-20: Launching Executing clean in C__JENKINSPRACTICE2_AparatmentsSpringboot] INFO  o.eclipse.m2e.core.internal.Bundles - 	Entry: C:\Users\gowth\.p2\pool\plugins\org.eclipse.m2e.maven.runtime_3.9.900.20240824-1409\jars\maven-model-builder-3.9.9.jar
2025-10-23 11:48:19,905 [Worker-20: Launching Executing clean in C__JENKINSPRACTICE2_AparatmentsSpringboot] INFO  o.eclipse.m2e.core.internal.Bundles - 	Entry: C:\Users\gowth\.p2\pool\plugins\org.eclipse.m2e.maven.runtime_3.9.900.20240824-1409\jars\maven-plugin-api-3.9.9.jar
2025-10-23 11:48:19,905 [Worker-20: Launching Executing clean in C__JENKINSPRACTICE2_AparatmentsSpringboot] INFO  o.eclipse.m2e.core.internal.Bundles - 	Entry: C:\Users\gowth\.p2\pool\plugins\org.eclipse.m2e.maven.runtime_3.9.900.20240824-1409\jars\maven-repository-metadata-3.9.9.jar
2025-10-23 11:48:19,906 [Worker-20: Launching Executing clean in C__JENKINSPRACTICE2_AparatmentsSpringboot] INFO  o.eclipse.m2e.core.internal.Bundles - 	Entry: C:\Users\gowth\.p2\pool\plugins\org.eclipse.m2e.maven.runtime_3.9.900.20240824-1409\jars\maven-resolver-api-1.9.22.jar
2025-10-23 11:48:19,906 [Worker-20: Launching Executing clean in C__JENKINSPRACTICE2_AparatmentsSpringboot] INFO  o.eclipse.m2e.core.internal.Bundles - 	Entry: C:\Users\gowth\.p2\pool\plugins\org.eclipse.m2e.maven.runtime_3.9.900.20240824-1409\jars\maven-resolver-connector-basic-1.9.22.jar
2025-10-23 11:48:19,906 [Worker-20: Launching Executing clean in C__JENKINSPRACTICE2_AparatmentsSpringboot] INFO  o.eclipse.m2e.core.internal.Bundles - 	Entry: C:\Users\gowth\.p2\pool\plugins\org.eclipse.m2e.maven.runtime_3.9.900.20240824-1409\jars\maven-resolver-impl-1.9.22.jar
2025-10-23 11:48:19,906 [Worker-20: Launching Executing clean in C__JENKINSPRACTICE2_AparatmentsSpringboot] INFO  o.eclipse.m2e.core.internal.Bundles - 	Entry: C:\Users\gowth\.p2\pool\plugins\org.eclipse.m2e.maven.runtime_3.9.900.20240824-1409\jars\maven-resolver-named-locks-1.9.22.jar
2025-10-23 11:48:19,907 [Worker-20: Launching Executing clean in C__JENKINSPRACTICE2_AparatmentsSpringboot] INFO  o.eclipse.m2e.core.internal.Bundles - 	Entry: C:\Users\gowth\.p2\pool\plugins\org.eclipse.m2e.maven.runtime_3.9.900.20240824-1409\jars\maven-resolver-provider-3.9.9.jar
2025-10-23 11:48:19,907 [Worker-20: Launching Executing clean in C__JENKINSPRACTICE2_AparatmentsSpringboot] INFO  o.eclipse.m2e.core.internal.Bundles - 	Entry: C:\Users\gowth\.p2\pool\plugins\org.eclipse.m2e.maven.runtime_3.9.900.20240824-1409\jars\maven-resolver-spi-1.9.22.jar
2025-10-23 11:48:19,907 [Worker-20: Launching Executing clean in C__JENKINSPRACTICE2_AparatmentsSpringboot] INFO  o.eclipse.m2e.core.internal.Bundles - 	Entry: C:\Users\gowth\.p2\pool\plugins\org.eclipse.m2e.maven.runtime_3.9.900.20240824-1409\jars\maven-resolver-transport-file-1.9.22.jar
2025-10-23 11:48:19,907 [Worker-20: Launching Executing clean in C__JENKINSPRACTICE2_AparatmentsSpringboot] INFO  o.eclipse.m2e.core.internal.Bundles - 	Entry: C:\Users\gowth\.p2\pool\plugins\org.eclipse.m2e.maven.runtime_3.9.900.20240824-1409\jars\maven-resolver-transport-http-1.9.22.jar
2025-10-23 11:48:19,907 [Worker-20: Launching Executing clean in C__JENKINSPRACTICE2_AparatmentsSpringboot] INFO  o.eclipse.m2e.core.internal.Bundles - 	Entry: C:\Users\gowth\.p2\pool\plugins\org.eclipse.m2e.maven.runtime_3.9.900.20240824-1409\jars\maven-resolver-transport-wagon-1.9.22.jar
2025-10-23 11:48:19,907 [Worker-20: Launching Executing clean in C__JENKINSPRACTICE2_AparatmentsSpringboot] INFO  o.eclipse.m2e.core.internal.Bundles - 	Entry: C:\Users\gowth\.p2\pool\plugins\org.eclipse.m2e.maven.runtime_3.9.900.20240824-1409\jars\maven-resolver-util-1.9.22.jar
2025-10-23 11:48:19,908 [Worker-20: Launching Executing clean in C__JENKINSPRACTICE2_AparatmentsSpringboot] INFO  o.eclipse.m2e.core.internal.Bundles - 	Entry: C:\Users\gowth\.p2\pool\plugins\org.eclipse.m2e.maven.runtime_3.9.900.20240824-1409\jars\maven-settings-3.9.9.jar
2025-10-23 11:48:19,908 [Worker-20: Launching Executing clean in C__JENKINSPRACTICE2_AparatmentsSpringboot] INFO  o.eclipse.m2e.core.internal.Bundles - 	Entry: C:\Users\gowth\.p2\pool\plugins\org.eclipse.m2e.maven.runtime_3.9.900.20240824-1409\jars\maven-settings-builder-3.9.9.jar
2025-10-23 11:48:19,908 [Worker-20: Launching Executing clean in C__JENKINSPRACTICE2_AparatmentsSpringboot] INFO  o.eclipse.m2e.core.internal.Bundles - 	Entry: C:\Users\gowth\.p2\pool\plugins\org.eclipse.m2e.maven.runtime_3.9.900.20240824-1409\jars\maven-shared-utils-3.4.2.jar
2025-10-23 11:48:19,908 [Worker-20: Launching Executing clean in C__JENKINSPRACTICE2_AparatmentsSpringboot] INFO  o.eclipse.m2e.core.internal.Bundles - 	Entry: C:\Users\gowth\.p2\pool\plugins\org.eclipse.m2e.maven.runtime_3.9.900.20240824-1409\jars\org.eclipse.sisu.inject-0.9.0.M3.jar
2025-10-23 11:48:19,909 [Worker-20: Launching Executing clean in C__JENKINSPRACTICE2_AparatmentsSpringboot] INFO  o.eclipse.m2e.core.internal.Bundles - 	Entry: C:\Users\gowth\.p2\pool\plugins\org.eclipse.m2e.maven.runtime_3.9.900.20240824-1409\jars\org.eclipse.sisu.plexus-0.9.0.M3.jar
2025-10-23 11:48:19,909 [Worker-20: Launching Executing clean in C__JENKINSPRACTICE2_AparatmentsSpringboot] INFO  o.eclipse.m2e.core.internal.Bundles - 	Entry: C:\Users\gowth\.p2\pool\plugins\org.eclipse.m2e.maven.runtime_3.9.900.20240824-1409\jars\plexus-build-api-0.0.7.jar
2025-10-23 11:48:19,909 [Worker-20: Launching Executing clean in C__JENKINSPRACTICE2_AparatmentsSpringboot] INFO  o.eclipse.m2e.core.internal.Bundles - 	Entry: C:\Users\gowth\.p2\pool\plugins\org.eclipse.m2e.maven.runtime_3.9.900.20240824-1409\jars\plexus-build-api-1.2.0.jar
2025-10-23 11:48:19,909 [Worker-20: Launching Executing clean in C__JENKINSPRACTICE2_AparatmentsSpringboot] INFO  o.eclipse.m2e.core.internal.Bundles - 	Entry: C:\Users\gowth\.p2\pool\plugins\org.eclipse.m2e.maven.runtime_3.9.900.20240824-1409\jars\plexus-cipher-2.0.jar
2025-10-23 11:48:19,909 [Worker-20: Launching Executing clean in C__JENKINSPRACTICE2_AparatmentsSpringboot] INFO  o.eclipse.m2e.core.internal.Bundles - 	Entry: C:\Users\gowth\.p2\pool\plugins\org.eclipse.m2e.maven.runtime_3.9.900.20240824-1409\jars\plexus-classworlds-2.8.0.jar
2025-10-23 11:48:19,909 [Worker-20: Launching Executing clean in C__JENKINSPRACTICE2_AparatmentsSpringboot] INFO  o.eclipse.m2e.core.internal.Bundles - 	Entry: C:\Users\gowth\.p2\pool\plugins\org.eclipse.m2e.maven.runtime_3.9.900.20240824-1409\jars\plexus-component-annotations-2.1.0.jar
2025-10-23 11:48:19,909 [Worker-20: Launching Executing clean in C__JENKINSPRACTICE2_AparatmentsSpringboot] INFO  o.eclipse.m2e.core.internal.Bundles - 	Entry: C:\Users\gowth\.p2\pool\plugins\org.eclipse.m2e.maven.runtime_3.9.900.20240824-1409\jars\plexus-interpolation-1.27.jar
2025-10-23 11:48:19,909 [Worker-20: Launching Executing clean in C__JENKINSPRACTICE2_AparatmentsSpringboot] INFO  o.eclipse.m2e.core.internal.Bundles - 	Entry: C:\Users\gowth\.p2\pool\plugins\org.eclipse.m2e.maven.runtime_3.9.900.20240824-1409\jars\plexus-sec-dispatcher-2.0.jar
2025-10-23 11:48:19,910 [Worker-20: Launching Executing clean in C__JENKINSPRACTICE2_AparatmentsSpringboot] INFO  o.eclipse.m2e.core.internal.Bundles - 	Entry: C:\Users\gowth\.p2\pool\plugins\org.eclipse.m2e.maven.runtime_3.9.900.20240824-1409\jars\plexus-utils-3.5.1.jar
2025-10-23 11:48:19,910 [Worker-20: Launching Executing clean in C__JENKINSPRACTICE2_AparatmentsSpringboot] INFO  o.eclipse.m2e.core.internal.Bundles - 	Entry: C:\Users\gowth\.p2\pool\plugins\org.eclipse.m2e.maven.runtime_3.9.900.20240824-1409\jars\plexus-xml-3.0.1.jar
2025-10-23 11:48:19,910 [Worker-20: Launching Executing clean in C__JENKINSPRACTICE2_AparatmentsSpringboot] INFO  o.eclipse.m2e.core.internal.Bundles - 	Entry: C:\Users\gowth\.p2\pool\plugins\org.eclipse.m2e.maven.runtime_3.9.900.20240824-1409\jars\wagon-file-3.5.3.jar
2025-10-23 11:48:19,910 [Worker-20: Launching Executing clean in C__JENKINSPRACTICE2_AparatmentsSpringboot] INFO  o.eclipse.m2e.core.internal.Bundles - 	Entry: C:\Users\gowth\.p2\pool\plugins\org.eclipse.m2e.maven.runtime_3.9.900.20240824-1409\jars\wagon-http-3.5.3.jar
2025-10-23 11:48:19,910 [Worker-20: Launching Executing clean in C__JENKINSPRACTICE2_AparatmentsSpringboot] INFO  o.eclipse.m2e.core.internal.Bundles - 	Entry: C:\Users\gowth\.p2\pool\plugins\org.eclipse.m2e.maven.runtime_3.9.900.20240824-1409\jars\wagon-http-shared-3.5.3.jar
2025-10-23 11:48:19,911 [Worker-20: Launching Executing clean in C__JENKINSPRACTICE2_AparatmentsSpringboot] INFO  o.eclipse.m2e.core.internal.Bundles - 	Entry: C:\Users\gowth\.p2\pool\plugins\org.eclipse.m2e.maven.runtime_3.9.900.20240824-1409\jars\wagon-provider-api-3.5.3.jar
2025-10-23 11:48:19,911 [Worker-20: Launching Executing clean in C__JENKINSPRACTICE2_AparatmentsSpringboot] INFO  o.eclipse.m2e.core.internal.Bundles - getClasspathEntries(Bundle=com.google.guava_33.3.1.jre [16])
2025-10-23 11:48:19,913 [Worker-20: Launching Executing clean in C__JENKINSPRACTICE2_AparatmentsSpringboot] INFO  o.eclipse.m2e.core.internal.Bundles - 	Entry: C:\Users\gowth\.p2\pool\plugins\com.google.guava_33.3.1.jre.jar
2025-10-23 11:48:19,913 [Worker-20: Launching Executing clean in C__JENKINSPRACTICE2_AparatmentsSpringboot] INFO  o.eclipse.m2e.core.internal.Bundles - getClasspathEntries(Bundle=slf4j.api_2.0.16 [1005])
2025-10-23 11:48:19,914 [Worker-20: Launching Executing clean in C__JENKINSPRACTICE2_AparatmentsSpringboot] INFO  o.eclipse.m2e.core.internal.Bundles - 	Entry: C:\Users\gowth\.p2\pool\plugins\slf4j.api_2.0.16.jar
2025-10-23 11:48:19,914 [Worker-20: Launching Executing clean in C__JENKINSPRACTICE2_AparatmentsSpringboot] INFO  o.eclipse.m2e.core.internal.Bundles - getClasspathEntries(Bundle=jakarta.inject.jakarta.inject-api_1.0.5 [34])
2025-10-23 11:48:19,915 [Worker-20: Launching Executing clean in C__JENKINSPRACTICE2_AparatmentsSpringboot] INFO  o.eclipse.m2e.core.internal.Bundles - 	Entry: C:\Users\gowth\.p2\pool\plugins\jakarta.inject.jakarta.inject-api_1.0.5.jar
2025-10-23 11:48:19,915 [Worker-20: Launching Executing clean in C__JENKINSPRACTICE2_AparatmentsSpringboot] INFO  o.eclipse.m2e.core.internal.Bundles - getClasspathEntries(Bundle=jakarta.annotation-api_1.3.5 [29])
2025-10-23 11:48:19,915 [Worker-20: Launching Executing clean in C__JENKINSPRACTICE2_AparatmentsSpringboot] INFO  o.eclipse.m2e.core.internal.Bundles - 	Entry: C:\Users\gowth\.p2\pool\plugins\jakarta.annotation-api_1.3.5.jar
2025-10-23 11:48:19,915 [Worker-20: Launching Executing clean in C__JENKINSPRACTICE2_AparatmentsSpringboot] INFO  o.eclipse.m2e.core.internal.Bundles - getClasspathEntries(Bundle=org.apache.commons.cli_1.9.0 [75])
2025-10-23 11:48:19,916 [Worker-20: Launching Executing clean in C__JENKINSPRACTICE2_AparatmentsSpringboot] INFO  o.eclipse.m2e.core.internal.Bundles - 	Entry: C:\Users\gowth\.p2\pool\plugins\org.apache.commons.cli_1.9.0.jar
2025-10-23 11:48:19,916 [Worker-20: Launching Executing clean in C__JENKINSPRACTICE2_AparatmentsSpringboot] INFO  o.eclipse.m2e.core.internal.Bundles - getClasspathEntries(Bundle=org.apache.commons.commons-codec_1.16.0 [78])
2025-10-23 11:48:19,917 [Worker-20: Launching Executing clean in C__JENKINSPRACTICE2_AparatmentsSpringboot] INFO  o.eclipse.m2e.core.internal.Bundles - 	Entry: C:\Users\gowth\.p2\pool\plugins\org.apache.commons.commons-codec_1.16.0.jar
2025-10-23 11:48:19,917 [Worker-20: Launching Executing clean in C__JENKINSPRACTICE2_AparatmentsSpringboot] INFO  o.eclipse.m2e.core.internal.Bundles - getClasspathEntries(Bundle=com.google.guava.failureaccess_1.0.2 [17])
2025-10-23 11:48:19,918 [Worker-20: Launching Executing clean in C__JENKINSPRACTICE2_AparatmentsSpringboot] INFO  o.eclipse.m2e.core.internal.Bundles - 	Entry: C:\Users\gowth\.p2\pool\plugins\com.google.guava.failureaccess_1.0.2.jar
2025-10-23 11:48:19,923 [Worker-20: Launching Executing clean in C__JENKINSPRACTICE2_AparatmentsSpringboot] INFO  o.e.m.i.launch.MavenLaunchDelegate - Run build in "C:\JENKINSPRACTICE2\AparatmentsSpringboot":
2025-10-23 11:48:19,924 [Worker-20: Launching Executing clean in C__JENKINSPRACTICE2_AparatmentsSpringboot] INFO  o.e.m.i.launch.MavenLaunchDelegate -  mvn  -B -Dstyle.color=always clean
2025-10-23 11:48:22,152 [Worker-23: Building] INFO  o.a.m.s.f.DefaultMavenResourcesFiltering - Copying 1 resource from src\main\resources to target\classes
2025-10-23 11:48:22,154 [Worker-23: Building] INFO  o.a.m.s.f.DefaultMavenResourcesFiltering - Copying 0 resource from src\main\resources to target\classes
2025-10-23 11:48:22,156 [Worker-23: Building] INFO  o.a.m.s.f.DefaultMavenResourcesFiltering - skip non existing resourceDirectory C:\JENKINSPRACTICE2\AparatmentsSpringboot\src\test\resources
2025-10-23 11:48:22,156 [Worker-23: Building] INFO  o.e.m.w.i.f.ResourceFilteringBuildParticipant - Changed resources require a complete clean of filtered resources of AparatmentsSpringboot
2025-10-23 11:48:22,156 [Worker-23: Building] INFO  o.e.m.w.i.f.ResourceFilteringBuildParticipant - Executing resource filtering for AparatmentsSpringboot
2025-10-23 12:02:33,013 [Worker-28: Launching Executing clean in C__JENKINSPRACTICE2_AparatmentsSpringboot] INFO  o.eclipse.m2e.core.internal.Bundles - getClasspathEntries(Bundle=org.eclipse.m2e.maven.runtime_3.9.900.20240824-1409 [638])
2025-10-23 12:02:33,016 [Worker-28: Launching Executing clean in C__JENKINSPRACTICE2_AparatmentsSpringboot] INFO  o.eclipse.m2e.core.internal.Bundles - 	Entry: C:\Users\gowth\.p2\pool\plugins\org.eclipse.m2e.maven.runtime_3.9.900.20240824-1409
2025-10-23 12:02:33,018 [Worker-28: Launching Executing clean in C__JENKINSPRACTICE2_AparatmentsSpringboot] INFO  o.eclipse.m2e.core.internal.Bundles - 	Entry: C:\Users\gowth\.p2\pool\plugins\org.eclipse.m2e.maven.runtime_3.9.900.20240824-1409\jars\aopalliance-1.0.jar
2025-10-23 12:02:33,018 [Worker-28: Launching Executing clean in C__JENKINSPRACTICE2_AparatmentsSpringboot] INFO  o.eclipse.m2e.core.internal.Bundles - 	Entry: C:\Users\gowth\.p2\pool\plugins\org.eclipse.m2e.maven.runtime_3.9.900.20240824-1409\jars\guice-5.1.0.jar
2025-10-23 12:02:33,018 [Worker-28: Launching Executing clean in C__JENKINSPRACTICE2_AparatmentsSpringboot] INFO  o.eclipse.m2e.core.internal.Bundles - 	Entry: C:\Users\gowth\.p2\pool\plugins\org.eclipse.m2e.maven.runtime_3.9.900.20240824-1409\jars\httpclient-4.5.14.jar
2025-10-23 12:02:33,019 [Worker-28: Launching Executing clean in C__JENKINSPRACTICE2_AparatmentsSpringboot] INFO  o.eclipse.m2e.core.internal.Bundles - 	Entry: C:\Users\gowth\.p2\pool\plugins\org.eclipse.m2e.maven.runtime_3.9.900.20240824-1409\jars\httpcore-4.4.16.jar
2025-10-23 12:02:33,019 [Worker-28: Launching Executing clean in C__JENKINSPRACTICE2_AparatmentsSpringboot] INFO  o.eclipse.m2e.core.internal.Bundles - 	Entry: C:\Users\gowth\.p2\pool\plugins\org.eclipse.m2e.maven.runtime_3.9.900.20240824-1409\jars\jansi-2.4.1.jar
2025-10-23 12:02:33,019 [Worker-28: Launching Executing clean in C__JENKINSPRACTICE2_AparatmentsSpringboot] INFO  o.eclipse.m2e.core.internal.Bundles - 	Entry: C:\Users\gowth\.p2\pool\plugins\org.eclipse.m2e.maven.runtime_3.9.900.20240824-1409\jars\jcl-over-slf4j-1.7.36.jar
2025-10-23 12:02:33,020 [Worker-28: Launching Executing clean in C__JENKINSPRACTICE2_AparatmentsSpringboot] INFO  o.eclipse.m2e.core.internal.Bundles - 	Entry: C:\Users\gowth\.p2\pool\plugins\org.eclipse.m2e.maven.runtime_3.9.900.20240824-1409\jars\maven-artifact-3.9.9.jar
2025-10-23 12:02:33,020 [Worker-28: Launching Executing clean in C__JENKINSPRACTICE2_AparatmentsSpringboot] INFO  o.eclipse.m2e.core.internal.Bundles - 	Entry: C:\Users\gowth\.p2\pool\plugins\org.eclipse.m2e.maven.runtime_3.9.900.20240824-1409\jars\maven-builder-support-3.9.9.jar
2025-10-23 12:02:33,020 [Worker-28: Launching Executing clean in C__JENKINSPRACTICE2_AparatmentsSpringboot] INFO  o.eclipse.m2e.core.internal.Bundles - 	Entry: C:\Users\gowth\.p2\pool\plugins\org.eclipse.m2e.maven.runtime_3.9.900.20240824-1409\jars\maven-compat-3.9.9.jar
2025-10-23 12:02:33,020 [Worker-28: Launching Executing clean in C__JENKINSPRACTICE2_AparatmentsSpringboot] INFO  o.eclipse.m2e.core.internal.Bundles - 	Entry: C:\Users\gowth\.p2\pool\plugins\org.eclipse.m2e.maven.runtime_3.9.900.20240824-1409\jars\maven-core-3.9.9.jar
2025-10-23 12:02:33,020 [Worker-28: Launching Executing clean in C__JENKINSPRACTICE2_AparatmentsSpringboot] INFO  o.eclipse.m2e.core.internal.Bundles - 	Entry: C:\Users\gowth\.p2\pool\plugins\org.eclipse.m2e.maven.runtime_3.9.900.20240824-1409\jars\maven-embedder-3.9.9.jar
2025-10-23 12:02:33,021 [Worker-28: Launching Executing clean in C__JENKINSPRACTICE2_AparatmentsSpringboot] INFO  o.eclipse.m2e.core.internal.Bundles - 	Entry: C:\Users\gowth\.p2\pool\plugins\org.eclipse.m2e.maven.runtime_3.9.900.20240824-1409\jars\maven-model-3.9.9.jar
2025-10-23 12:02:33,021 [Worker-28: Launching Executing clean in C__JENKINSPRACTICE2_AparatmentsSpringboot] INFO  o.eclipse.m2e.core.internal.Bundles - 	Entry: C:\Users\gowth\.p2\pool\plugins\org.eclipse.m2e.maven.runtime_3.9.900.20240824-1409\jars\maven-model-builder-3.9.9.jar
2025-10-23 12:02:33,021 [Worker-28: Launching Executing clean in C__JENKINSPRACTICE2_AparatmentsSpringboot] INFO  o.eclipse.m2e.core.internal.Bundles - 	Entry: C:\Users\gowth\.p2\pool\plugins\org.eclipse.m2e.maven.runtime_3.9.900.20240824-1409\jars\maven-plugin-api-3.9.9.jar
2025-10-23 12:02:33,021 [Worker-28: Launching Executing clean in C__JENKINSPRACTICE2_AparatmentsSpringboot] INFO  o.eclipse.m2e.core.internal.Bundles - 	Entry: C:\Users\gowth\.p2\pool\plugins\org.eclipse.m2e.maven.runtime_3.9.900.20240824-1409\jars\maven-repository-metadata-3.9.9.jar
2025-10-23 12:02:33,022 [Worker-28: Launching Executing clean in C__JENKINSPRACTICE2_AparatmentsSpringboot] INFO  o.eclipse.m2e.core.internal.Bundles - 	Entry: C:\Users\gowth\.p2\pool\plugins\org.eclipse.m2e.maven.runtime_3.9.900.20240824-1409\jars\maven-resolver-api-1.9.22.jar
